Case #1: 19 20
Case #2: 023 023
Case #3: 0 0
Case #4: 05 00
Case #5: 290 215
Case #6: 509 219
Case #7: 520 520
Case #8: 492 492
Case #9: 200 200
Case #10: 10 09
Case #11: 029 041
Case #12: 180 154
Case #13: 099 130
Case #14: 110 079
Case #15: 95 95
Case #16: 500 499
Case #17: 815 812
Case #18: 833 880
Case #19: 089 120
Case #20: 99 99
Case #21: 098 093
Case #22: 760 719
Case #23: 070 029
Case #24: 807 810
Case #25: 325 325
Case #26: 003 003
Case #27: 029 070
Case #28: 905 157
Case #29: 700 669
Case #30: 080 049
Case #31: 050 009
Case #32: 507 510
Case #33: 00 00
Case #34: 9 9
Case #35: 90 90
Case #36: 000 000
Case #37: 059 090
Case #38: 09 09
Case #39: 397 760
Case #40: 653 653
Case #41: 99 99
Case #42: 092 093
Case #43: 90 90
Case #44: 050 050
Case #45: 502 275
Case #46: 730 709
Case #47: 060 059
Case #48: 099 090
Case #49: 580 524
Case #50: 069 061
Case #51: 920 295
Case #52: 069 100
Case #53: 592 830
Case #54: 970 970
Case #55: 967 964
Case #56: 667 667
Case #57: 013 013
Case #58: 341 345
Case #59: 417 417
Case #60: 05 05
Case #61: 09 90
Case #62: 98 93
Case #63: 092 098
Case #64: 070 005
Case #65: 036 036
Case #66: 99 09
Case #67: 120 089
Case #68: 993 998
Case #69: 619 626
Case #70: 092 094
Case #71: 90 90
Case #72: 00 00
Case #73: 99 99
Case #74: 09 09
Case #75: 049 080
Case #76: 990 909
Case #77: 00 00
Case #78: 099 909
Case #79: 803 803
Case #80: 064 067
Case #81: 05 05
Case #82: 621 670
Case #83: 998 993
Case #84: 030 030
Case #85: 360 360
Case #86: 0 0
Case #87: 95 95
Case #88: 839 839
Case #89: 860 829
Case #90: 034 019
Case #91: 730 727
Case #92: 909 910
Case #93: 039 080
Case #94: 00 00
Case #95: 900 259
Case #96: 10 15
Case #97: 015 016
Case #98: 039 070
Case #99: 100 069
Case #100: 009 050
Case #101: 99 99
Case #102: 079 110
Case #103: 159 151
Case #104: 609 611
Case #105: 498 600
Case #106: 019 060
Case #107: 110 110
Case #108: 093 098
Case #109: 001 001
Case #110: 110 065
Case #111: 5 5
Case #112: 090 099
Case #113: 909 990
Case #114: 071 073
Case #115: 407 411
Case #116: 632 469
Case #117: 689 609
Case #118: 99 90
Case #119: 060 029
Case #120: 910 909
Case #121: 680 315
Case #122: 09 09
Case #123: 399 601
Case #124: 998 992
Case #125: 99 99
Case #126: 0 0
Case #127: 060 019
Case #128: 049 090
Case #129: 097 097
Case #130: 99 99
Case #131: 130 099
Case #132: 208 208
Case #133: 102 901
Case #134: 00 05
Case #135: 071 071
Case #136: 205 205
Case #137: 09 05
Case #138: 499 900
Case #139: 294 294
Case #140: 092 097
Case #141: 00 00
Case #142: 460 430
Case #143: 040 009
Case #144: 09 10
Case #145: 802 472
Case #146: 070 039
Case #147: 00 00
Case #148: 029 060
Case #149: 99 99
Case #150: 05 09
Case #151: 007 002
Case #152: 009 040
Case #153: 001 001
Case #154: 090 059
Case #155: 5 5
Case #156: 528 528
Case #157: 497 497
Case #158: 90 99
Case #159: 050 019
Case #160: 017 060
Case #161: 992 998
Case #162: 010 009
Case #163: 019 050
Case #164: 268 268
Case #165: 800 699
Case #166: 960 960
Case #167: 000 000
Case #168: 318 310
Case #169: 090 049
Case #170: 199 199
Case #171: 00 00
Case #172: 15 10
Case #173: 592 948
Case #174: 946 946
Case #175: 90 90
Case #176: 90 09
Case #177: 05 05
Case #178: 519 567
Case #179: 080 039
Case #180: 05 05
Case #181: 000 000
Case #182: 09 09
Case #183: 9 9
Case #184: 99 99
Case #185: 800 430
Case #186: 595 595
Case #187: 720 720
Case #188: 814 813
Case #189: 800 299
Case #190: 99 95
Case #191: 95 99
Case #192: 033 033
Case #193: 09 99
Case #194: 050 050
Case #195: 672 672
Case #196: 105 105
Case #197: 977 977
Case #198: 130 096
Case #199: 93 98
Case #200: 031 031
