Case #1: 19 20
Case #2: 023 023
Case #3: 0 0
Case #4: 05 00
Case #5: 079 110
Case #6: 009 009
Case #7: 200 200
Case #8: 019 060
Case #9: 99 99
Case #10: 09 09
Case #11: 00 00
Case #12: 704 705
Case #13: 080 039
Case #14: 558 525
Case #15: 730 727
Case #16: 040 009
Case #17: 909 990
Case #18: 059 059
Case #19: 99 90
Case #20: 09 09
Case #21: 303 303
Case #22: 301 284
Case #23: 093 098
Case #24: 110 079
Case #25: 90 90
Case #26: 092 093
Case #27: 098 093
Case #28: 99 99
Case #29: 998 993
Case #30: 759 759
Case #31: 298 707
Case #32: 110 065
Case #33: 9 9
Case #34: 030 030
Case #35: 030 038
Case #36: 00 00
Case #37: 98 93
Case #38: 910 909
Case #39: 407 411
Case #40: 110 110
Case #41: 536 299
Case #42: 102 102
Case #43: 607 620
Case #44: 051 051
Case #45: 362 361
Case #46: 130 099
Case #47: 107 103
Case #48: 050 050
Case #49: 90 09
Case #50: 992 998
Case #51: 249 900
Case #52: 0 0
Case #53: 90 99
Case #54: 09 09
Case #55: 090 049
Case #56: 09 90
Case #57: 99 99
Case #58: 858 853
Case #59: 140 140
Case #60: 909 910
Case #61: 5 5
Case #62: 626 680
Case #63: 95 99
Case #64: 005 005
Case #65: 990 909
Case #66: 09 05
Case #67: 676 800
Case #68: 099 090
Case #69: 029 070
Case #70: 05 05
Case #71: 010 009
Case #72: 159 151
Case #73: 90 90
Case #74: 107 107
Case #75: 040 040
Case #76: 760 756
Case #77: 90 90
Case #78: 229 229
Case #79: 800 699
Case #80: 090 099
Case #81: 998 992
Case #82: 318 310
Case #83: 993 998
Case #84: 050 009
Case #85: 00 05
Case #86: 028 024
Case #87: 05 09
Case #88: 929 930
Case #89: 570 212
Case #90: 060 029
Case #91: 009 007
Case #92: 93 98
Case #93: 345 345
Case #94: 790 900
Case #95: 059 090
Case #96: 09 10
Case #97: 069 100
Case #98: 070 039
Case #99: 089 120
Case #100: 008 008
Case #101: 99 95
Case #102: 174 174
Case #103: 190 190
Case #104: 833 695
Case #105: 097 097
Case #106: 009 004
Case #107: 203 203
Case #108: 120 089
Case #109: 070 070
Case #110: 098 800
Case #111: 99 99
Case #112: 475 432
Case #113: 00 00
Case #114: 00 00
Case #115: 99 09
Case #116: 009 021
Case #117: 609 611
Case #118: 00 00
Case #119: 039 070
Case #120: 302 302
Case #121: 692 692
Case #122: 100 069
Case #123: 300 195
Case #124: 008 008
Case #125: 95 95
Case #126: 005 005
Case #127: 09 99
Case #128: 09 09
Case #129: 730 546
Case #130: 0 0
Case #131: 049 080
Case #132: 05 05
Case #133: 905 905
Case #134: 890 199
Case #135: 693 730
Case #136: 397 760
Case #137: 400 102
Case #138: 05 05
Case #139: 049 090
Case #140: 918 912
Case #141: 021 021
Case #142: 080 049
Case #143: 177 177
Case #144: 040 019
Case #145: 000 000
Case #146: 10 15
Case #147: 99 99
Case #148: 557 529
Case #149: 299 300
Case #150: 00 00
Case #151: 092 098
Case #152: 099 909
Case #153: 564 059
Case #154: 080 080
Case #155: 700 099
Case #156: 530 530
Case #157: 507 502
Case #158: 165 168
Case #159: 807 810
Case #160: 680 680
Case #161: 600 600
Case #162: 270 270
Case #163: 181 307
Case #164: 15 10
Case #165: 499 700
Case #166: 169 180
Case #167: 95 95
Case #168: 99 99
Case #169: 930 930
Case #170: 003 003
Case #171: 131 131
Case #172: 440 440
Case #173: 621 670
Case #174: 090 059
Case #175: 060 019
Case #176: 90 90
Case #177: 99 99
Case #178: 10 09
Case #179: 099 130
Case #180: 906 906
Case #181: 000 000
Case #182: 009 050
Case #183: 000 000
Case #184: 99 99
Case #185: 019 050
Case #186: 050 019
Case #187: 551 558
Case #188: 00 00
Case #189: 9 9
Case #190: 039 080
Case #191: 199 199
Case #192: 507 510
Case #193: 009 040
Case #194: 199 870
Case #195: 5 5
Case #196: 740 740
Case #197: 070 029
Case #198: 029 060
Case #199: 05 05
Case #200: 009 009
